<?xml version="1.0" encoding="UTF-8"?>
<testng-results skipped="0" failed="0" ignored="0" total="1" passed="1">
  <reporter-output>
  </reporter-output>
  <suite name="Default suite" duration-ms="36959" started-at="2019-06-10T02:48:05Z" finished-at="2019-06-10T02:48:42Z">
    <groups>
    </groups>
    <test name="Default test" duration-ms="36959" started-at="2019-06-10T02:48:05Z" finished-at="2019-06-10T02:48:42Z">
      <class name="com.bizjournals.testcases.CraneWatchTest">
        <test-method status="PASS" signature="setUp()[pri:0, instance:com.bizjournals.testcases.CraneWatchTest@57baeedf]" name="setUp" is-config="true" duration-ms="27978" started-at="2019-06-10T02:48:05Z" finished-at="2019-06-10T02:48:33Z">
          <reporter-output>
          </reporter-output>
        </test-method> <!-- setUp -->
        <test-method status="PASS" signature="getCraneWatchCityDetails()[pri:0, instance:com.bizjournals.testcases.CraneWatchTest@57baeedf]" name="getCraneWatchCityDetails" duration-ms="8182" started-at="2019-06-10T02:48:33Z" finished-at="2019-06-10T02:48:41Z">
          <reporter-output>
          </reporter-output>
        </test-method> <!-- getCraneWatchCityDetails -->
        <test-method status="PASS" signature="tearDown()[pri:0, instance:com.bizjournals.testcases.CraneWatchTest@57baeedf]" name="tearDown" is-config="true" duration-ms="755" started-at="2019-06-10T02:48:41Z" finished-at="2019-06-10T02:48:42Z">
          <reporter-output>
          </reporter-output>
        </test-method> <!-- tearDown -->
      </class> <!-- com.bizjournals.testcases.CraneWatchTest -->
    </test> <!-- Default test -->
  </suite> <!-- Default suite -->
</testng-results>
